This file contains any messages produced by compilers while
running configure, to aid debugging if configure makes a mistake.

It was created by configure, which was
generated by GNU Autoconf 2.68.  Invocation command line was

  $ ./configure --enable-debug --with-proj --with-geos --with-gdal --with-ogr --with-postgis --with-cairo --with-wmsclient --with-wfs --with-wfsclient --with-wcs --with-curl-config --with-xml2-config --with-sos --with-fastcgi --with-freetype --with-gd --with-jpeg --with-png --with-kml --with-threads --with-libsvg-cairo --with-php=/usr/bin/php-config

## --------- ##
## Platform. ##
## --------- ##

hostname = build
uname -m = x86_64
uname -r = 3.2.0-45-generic
uname -s = Linux
uname -v = #70-Ubuntu SMP Wed May 29 20:12:06 UTC 2013

/usr/bin/uname -p = unknown
/bin/uname -X     = unknown

/bin/arch              = unknown
/usr/bin/arch -k       = unknown
/usr/convex/getsysinfo = unknown
/usr/bin/hostinfo      = unknown
/bin/machine           = unknown
/usr/bin/oslevel       = unknown
/bin/universe          = unknown

PATH: /usr/local/sbin
PATH: /usr/local/bin
PATH: /usr/sbin
PATH: /usr/bin
PATH: /sbin
PATH: /bin
PATH: /usr/games


## ----------- ##
## Core tests. ##
## ----------- ##

configure:2615: checking build system type
configure:2629: result: x86_64-unknown-linux-gnu
configure:2649: checking host system type
configure:2662: result: x86_64-unknown-linux-gnu
configure:2703: checking how to print strings
configure:2730: result: printf
configure:2799: checking for gcc
configure:2815: found /usr/bin/gcc
configure:2826: result: gcc
configure:3055: checking for C compiler version
configure:3064: gcc --version >&5
gcc (Ubuntu/Linaro 4.6.3-1ubuntu5) 4.6.3
Copyright (C) 2011 Free Software Foundation, Inc.
This is free software; see the source for copying conditions.  There is NO
warranty; not even for MERCHANTABILITY or FITNESS FOR A PARTICULAR PURPOSE.

configure:3075: $? = 0
configure:3064: gcc -v >&5
Using built-in specs.
COLLECT_GCC=gcc
COLLECT_LTO_WRAPPER=/usr/lib/gcc/x86_64-linux-gnu/4.6/lto-wrapper
Target: x86_64-linux-gnu
Configured with: ../src/configure -v --with-pkgversion='Ubuntu/Linaro 4.6.3-1ubuntu5' --with-bugurl=file:///usr/share/doc/gcc-4.6/README.Bugs --enable-languages=c,c++,fortran,objc,obj-c++ --prefix=/usr --program-suffix=-4.6 --enable-shared --enable-linker-build-id --with-system-zlib --libexecdir=/usr/lib --without-included-gettext --enable-threads=posix --with-gxx-include-dir=/usr/include/c++/4.6 --libdir=/usr/lib --enable-nls --with-sysroot=/ --enable-clocale=gnu --enable-libstdcxx-debug --enable-libstdcxx-time=yes --enable-gnu-unique-object --enable-plugin --enable-objc-gc --disable-werror --with-arch-32=i686 --with-tune=generic --enable-checking=release --build=x86_64-linux-gnu --host=x86_64-linux-gnu --target=x86_64-linux-gnu
Thread model: posix
gcc version 4.6.3 (Ubuntu/Linaro 4.6.3-1ubuntu5) 
configure:3075: $? = 0
configure:3064: gcc -V >&5
gcc: error: unrecognized option '-V'
gcc: fatal error: no input files
compilation terminated.
configure:3075: $? = 4
configure:3064: gcc -qversion >&5
gcc: error: unrecognized option '-qversion'
gcc: fatal error: no input files
compilation terminated.
configure:3075: $? = 4
configure:3095: checking whether the C compiler works
configure:3117: gcc    conftest.c  >&5
configure:3121: $? = 0
configure:3169: result: yes
configure:3172: checking for C compiler default output file name
configure:3174: result: a.out
configure:3180: checking for suffix of executables
configure:3187: gcc -o conftest    conftest.c  >&5
configure:3191: $? = 0
configure:3213: result: 
configure:3235: checking whether we are cross compiling
configure:3243: gcc -o conftest    conftest.c  >&5
configure:3247: $? = 0
configure:3254: ./conftest
configure:3258: $? = 0
configure:3273: result: no
configure:3278: checking for suffix of object files
configure:3300: gcc -c   conftest.c >&5
configure:3304: $? = 0
configure:3325: result: o
configure:3329: checking whether we are using the GNU C compiler
configure:3348: gcc -c   conftest.c >&5
configure:3348: $? = 0
configure:3357: result: yes
configure:3366: checking whether gcc accepts -g
configure:3386: gcc -c -g  conftest.c >&5
configure:3386: $? = 0
configure:3427: result: yes
configure:3444: checking for gcc option to accept ISO C89
configure:3508: gcc  -c -g -O2  conftest.c >&5
configure:3508: $? = 0
configure:3521: result: none needed
configure:3541: checking for a sed that does not truncate output
configure:3605: result: /bin/sed
configure:3623: checking for grep that handles long lines and -e
configure:3681: result: /bin/grep
configure:3686: checking for egrep
configure:3748: result: /bin/grep -E
configure:3753: checking for fgrep
configure:3815: result: /bin/grep -F
configure:3850: checking for ld used by gcc
configure:3917: result: /usr/bin/ld
configure:3924: checking if the linker (/usr/bin/ld) is GNU ld
configure:3939: result: yes
configure:3951: checking for BSD- or MS-compatible name lister (nm)
configure:4000: result: /usr/bin/nm -B
configure:4130: checking the name lister (/usr/bin/nm -B) interface
configure:4137: gcc -c -g -O2  conftest.c >&5
configure:4140: /usr/bin/nm -B "conftest.o"
configure:4143: output
0000000000000000 B some_variable
configure:4150: result: BSD nm
configure:4153: checking whether ln -s works
configure:4157: result: yes
configure:4165: checking the maximum length of command line arguments
configure:4295: result: 1572864
configure:4312: checking whether the shell understands some XSI constructs
configure:4322: result: yes
configure:4326: checking whether the shell understands "+="
configure:4332: result: yes
configure:4367: checking how to convert x86_64-unknown-linux-gnu file names to x86_64-unknown-linux-gnu format
configure:4407: result: func_convert_file_noop
configure:4414: checking how to convert x86_64-unknown-linux-gnu file names to toolchain format
configure:4434: result: func_convert_file_noop
configure:4441: checking for /usr/bin/ld option to reload object files
configure:4448: result: -r
configure:4522: checking for objdump
configure:4538: found /usr/bin/objdump
configure:4549: result: objdump
configure:4581: checking how to recognize dependent libraries
configure:4783: result: pass_all
configure:4868: checking for dlltool
configure:4898: result: no
configure:4928: checking how to associate runtime and link libraries
configure:4955: result: printf %s\n
configure:5016: checking for ar
configure:5032: found /usr/bin/ar
configure:5043: result: ar
configure:5080: checking for archiver @FILE support
configure:5097: gcc -c -g -O2  conftest.c >&5
configure:5097: $? = 0
configure:5100: ar cru libconftest.a @conftest.lst >&5
configure:5103: $? = 0
configure:5108: ar cru libconftest.a @conftest.lst >&5
ar: conftest.o: No such file or directory
configure:5111: $? = 1
configure:5123: result: @
configure:5181: checking for strip
configure:5197: found /usr/bin/strip
configure:5208: result: strip
configure:5280: checking for ranlib
configure:5296: found /usr/bin/ranlib
configure:5307: result: ranlib
configure:5384: checking for gawk
configure:5414: result: no
configure:5384: checking for mawk
configure:5400: found /usr/bin/mawk
configure:5411: result: mawk
configure:5451: checking command to parse /usr/bin/nm -B output from gcc object
configure:5571: gcc -c -g -O2  conftest.c >&5
configure:5574: $? = 0
configure:5578: /usr/bin/nm -B conftest.o \| sed -n -e 's/^.*[ ]\([ABCDGIRSTW][ABCDGIRSTW]*\)[ ][ ]*\([_A-Za-z][_A-Za-z0-9]*\)$/\1 \2 \2/p' | sed '/ __gnu_lto/d' \> conftest.nm
configure:5581: $? = 0
configure:5647: gcc -o conftest -g -O2   conftest.c conftstm.o >&5
configure:5650: $? = 0
configure:5688: result: ok
configure:5725: checking for sysroot
configure:5755: result: no
configure:5832: gcc -c -g -O2  conftest.c >&5
configure:5835: $? = 0
configure:6011: checking for mt
configure:6027: found /bin/mt
configure:6038: result: mt
configure:6061: checking if mt is a manifest tool
configure:6067: mt '-?'
configure:6075: result: no
configure:6717: checking how to run the C preprocessor
configure:6748: gcc -E  conftest.c
configure:6748: $? = 0
configure:6762: gcc -E  conftest.c
conftest.c:9:28: fatal error: ac_nonexistent.h: No such file or directory
compilation terminated.
configure:6762: $? = 1
configure: failed program was:
| /* confdefs.h */
| #define PACKAGE_NAME ""
| #define PACKAGE_TARNAME ""
| #define PACKAGE_VERSION ""
| #define PACKAGE_STRING ""
| #define PACKAGE_BUGREPORT ""
| #define PACKAGE_URL ""
| /* end confdefs.h.  */
| #include <ac_nonexistent.h>
configure:6787: result: gcc -E
configure:6807: gcc -E  conftest.c
configure:6807: $? = 0
configure:6821: gcc -E  conftest.c
conftest.c:9:28: fatal error: ac_nonexistent.h: No such file or directory
compilation terminated.
configure:6821: $? = 1
configure: failed program was:
| /* confdefs.h */
| #define PACKAGE_NAME ""
| #define PACKAGE_TARNAME ""
| #define PACKAGE_VERSION ""
| #define PACKAGE_STRING ""
| #define PACKAGE_BUGREPORT ""
| #define PACKAGE_URL ""
| /* end confdefs.h.  */
| #include <ac_nonexistent.h>
configure:6850: checking for ANSI C header files
configure:6870: gcc -c -g -O2  conftest.c >&5
configure:6870: $? = 0
configure:6943: gcc -o conftest -g -O2   conftest.c  >&5
configure:6943: $? = 0
configure:6943: ./conftest
configure:6943: $? = 0
configure:6954: result: yes
configure:6967: checking for sys/types.h
configure:6967: gcc -c -g -O2  conftest.c >&5
configure:6967: $? = 0
configure:6967: result: yes
configure:6967: checking for sys/stat.h
configure:6967: gcc -c -g -O2  conftest.c >&5
configure:6967: $? = 0
configure:6967: result: yes
configure:6967: checking for stdlib.h
configure:6967: gcc -c -g -O2  conftest.c >&5
configure:6967: $? = 0
configure:6967: result: yes
configure:6967: checking for string.h
configure:6967: gcc -c -g -O2  conftest.c >&5
configure:6967: $? = 0
configure:6967: result: yes
configure:6967: checking for memory.h
configure:6967: gcc -c -g -O2  conftest.c >&5
configure:6967: $? = 0
configure:6967: result: yes
configure:6967: checking for strings.h
configure:6967: gcc -c -g -O2  conftest.c >&5
configure:6967: $? = 0
configure:6967: result: yes
configure:6967: checking for inttypes.h
configure:6967: gcc -c -g -O2  conftest.c >&5
configure:6967: $? = 0
configure:6967: result: yes
configure:6967: checking for stdint.h
configure:6967: gcc -c -g -O2  conftest.c >&5
configure:6967: $? = 0
configure:6967: result: yes
configure:6967: checking for unistd.h
configure:6967: gcc -c -g -O2  conftest.c >&5
configure:6967: $? = 0
configure:6967: result: yes
configure:6981: checking for dlfcn.h
configure:6981: gcc -c -g -O2  conftest.c >&5
configure:6981: $? = 0
configure:6981: result: yes
configure:7186: checking for objdir
configure:7201: result: .libs
configure:7468: checking if gcc supports -fno-rtti -fno-exceptions
configure:7486: gcc -c -g -O2  -fno-rtti -fno-exceptions conftest.c >&5
cc1: warning: command line option '-fno-rtti' is valid for C++/ObjC++ but not for C [enabled by default]
configure:7490: $? = 0
configure:7503: result: no
configure:7830: checking for gcc option to produce PIC
configure:7837: result: -fPIC -DPIC
configure:7845: checking if gcc PIC flag -fPIC -DPIC works
configure:7863: gcc -c -g -O2  -fPIC -DPIC -DPIC conftest.c >&5
configure:7867: $? = 0
configure:7880: result: yes
configure:7909: checking if gcc static flag -static works
configure:7937: result: yes
configure:7952: checking if gcc supports -c -o file.o
configure:7973: gcc -c -g -O2  -o out/conftest2.o conftest.c >&5
configure:7977: $? = 0
configure:7999: result: yes
configure:8007: checking if gcc supports -c -o file.o
configure:8054: result: yes
configure:8087: checking whether the gcc linker (/usr/bin/ld -m elf_x86_64) supports shared libraries
configure:9244: result: yes
configure:9281: checking whether -lc should be explicitly linked in
configure:9289: gcc -c -g -O2  conftest.c >&5
configure:9292: $? = 0
configure:9307: gcc -shared  -fPIC -DPIC conftest.o  -v -Wl,-soname -Wl,conftest -o conftest 2\>\&1 \| /bin/grep  -lc  \>/dev/null 2\>\&1
configure:9310: $? = 0
configure:9324: result: no
configure:9484: checking dynamic linker characteristics
configure:9995: gcc -o conftest -g -O2   -Wl,-rpath -Wl,/foo conftest.c  >&5
configure:9995: $? = 0
configure:10229: result: GNU/Linux ld.so
configure:10336: checking how to hardcode library paths into programs
configure:10361: result: immediate
configure:10901: checking whether stripping libraries is possible
configure:10906: result: yes
configure:10941: checking if libtool supports shared libraries
configure:10943: result: yes
configure:10946: checking whether to build shared libraries
configure:10967: result: yes
configure:10970: checking whether to build static libraries
configure:10974: result: no
configure:11247: checking for gcc
configure:11274: result: gcc
configure:11503: checking for C compiler version
configure:11512: gcc --version >&5
gcc (Ubuntu/Linaro 4.6.3-1ubuntu5) 4.6.3
Copyright (C) 2011 Free Software Foundation, Inc.
This is free software; see the source for copying conditions.  There is NO
warranty; not even for MERCHANTABILITY or FITNESS FOR A PARTICULAR PURPOSE.

configure:11523: $? = 0
configure:11512: gcc -v >&5
Using built-in specs.
COLLECT_GCC=gcc
COLLECT_LTO_WRAPPER=/usr/lib/gcc/x86_64-linux-gnu/4.6/lto-wrapper
Target: x86_64-linux-gnu
Configured with: ../src/configure -v --with-pkgversion='Ubuntu/Linaro 4.6.3-1ubuntu5' --with-bugurl=file:///usr/share/doc/gcc-4.6/README.Bugs --enable-languages=c,c++,fortran,objc,obj-c++ --prefix=/usr --program-suffix=-4.6 --enable-shared --enable-linker-build-id --with-system-zlib --libexecdir=/usr/lib --without-included-gettext --enable-threads=posix --with-gxx-include-dir=/usr/include/c++/4.6 --libdir=/usr/lib --enable-nls --with-sysroot=/ --enable-clocale=gnu --enable-libstdcxx-debug --enable-libstdcxx-time=yes --enable-gnu-unique-object --enable-plugin --enable-objc-gc --disable-werror --with-arch-32=i686 --with-tune=generic --enable-checking=release --build=x86_64-linux-gnu --host=x86_64-linux-gnu --target=x86_64-linux-gnu
Thread model: posix
gcc version 4.6.3 (Ubuntu/Linaro 4.6.3-1ubuntu5) 
configure:11523: $? = 0
configure:11512: gcc -V >&5
gcc: error: unrecognized option '-V'
gcc: fatal error: no input files
compilation terminated.
configure:11523: $? = 4
configure:11512: gcc -qversion >&5
gcc: error: unrecognized option '-qversion'
gcc: fatal error: no input files
compilation terminated.
configure:11523: $? = 4
configure:11527: checking whether we are using the GNU C compiler
configure:11555: result: yes
configure:11564: checking whether gcc accepts -g
configure:11625: result: yes
configure:11642: checking for gcc option to accept ISO C89
configure:11719: result: none needed
configure:11797: checking for g++
configure:11813: found /usr/bin/g++
configure:11824: result: g++
configure:11851: checking for C++ compiler version
configure:11860: g++ --version >&5
g++ (Ubuntu/Linaro 4.6.3-1ubuntu5) 4.6.3
Copyright (C) 2011 Free Software Foundation, Inc.
This is free software; see the source for copying conditions.  There is NO
warranty; not even for MERCHANTABILITY or FITNESS FOR A PARTICULAR PURPOSE.

configure:11871: $? = 0
configure:11860: g++ -v >&5
Using built-in specs.
COLLECT_GCC=g++
COLLECT_LTO_WRAPPER=/usr/lib/gcc/x86_64-linux-gnu/4.6/lto-wrapper
Target: x86_64-linux-gnu
Configured with: ../src/configure -v --with-pkgversion='Ubuntu/Linaro 4.6.3-1ubuntu5' --with-bugurl=file:///usr/share/doc/gcc-4.6/README.Bugs --enable-languages=c,c++,fortran,objc,obj-c++ --prefix=/usr --program-suffix=-4.6 --enable-shared --enable-linker-build-id --with-system-zlib --libexecdir=/usr/lib --without-included-gettext --enable-threads=posix --with-gxx-include-dir=/usr/include/c++/4.6 --libdir=/usr/lib --enable-nls --with-sysroot=/ --enable-clocale=gnu --enable-libstdcxx-debug --enable-libstdcxx-time=yes --enable-gnu-unique-object --enable-plugin --enable-objc-gc --disable-werror --with-arch-32=i686 --with-tune=generic --enable-checking=release --build=x86_64-linux-gnu --host=x86_64-linux-gnu --target=x86_64-linux-gnu
Thread model: posix
gcc version 4.6.3 (Ubuntu/Linaro 4.6.3-1ubuntu5) 
configure:11871: $? = 0
configure:11860: g++ -V >&5
g++: error: unrecognized option '-V'
g++: fatal error: no input files
compilation terminated.
configure:11871: $? = 4
configure:11860: g++ -qversion >&5
g++: error: unrecognized option '-qversion'
g++: fatal error: no input files
compilation terminated.
configure:11871: $? = 4
configure:11875: checking whether we are using the GNU C++ compiler
configure:11894: g++ -c   conftest.cpp >&5
configure:11894: $? = 0
configure:11903: result: yes
configure:11912: checking whether g++ accepts -g
configure:11932: g++ -c -g  conftest.cpp >&5
configure:11932: $? = 0
configure:11973: result: yes
configure:12014: checking how to run the C++ preprocessor
configure:12041: g++ -E  conftest.cpp
configure:12041: $? = 0
configure:12055: g++ -E  conftest.cpp
conftest.cpp:21:28: fatal error: ac_nonexistent.h: No such file or directory
compilation terminated.
configure:12055: $? = 1
configure: failed program was:
| /* confdefs.h */
| #define PACKAGE_NAME ""
| #define PACKAGE_TARNAME ""
| #define PACKAGE_VERSION ""
| #define PACKAGE_STRING ""
| #define PACKAGE_BUGREPORT ""
| #define PACKAGE_URL ""
| #define STDC_HEADERS 1
| #define HAVE_SYS_TYPES_H 1
| #define HAVE_SYS_STAT_H 1
| #define HAVE_STDLIB_H 1
| #define HAVE_STRING_H 1
| #define HAVE_MEMORY_H 1
| #define HAVE_STRINGS_H 1
| #define HAVE_INTTYPES_H 1
| #define HAVE_STDINT_H 1
| #define HAVE_UNISTD_H 1
| #define HAVE_DLFCN_H 1
| #define LT_OBJDIR ".libs/"
| /* end confdefs.h.  */
| #include <ac_nonexistent.h>
configure:12080: result: g++ -E
configure:12100: g++ -E  conftest.cpp
configure:12100: $? = 0
configure:12114: g++ -E  conftest.cpp
conftest.cpp:21:28: fatal error: ac_nonexistent.h: No such file or directory
compilation terminated.
configure:12114: $? = 1
configure: failed program was:
| /* confdefs.h */
| #define PACKAGE_NAME ""
| #define PACKAGE_TARNAME ""
| #define PACKAGE_VERSION ""
| #define PACKAGE_STRING ""
| #define PACKAGE_BUGREPORT ""
| #define PACKAGE_URL ""
| #define STDC_HEADERS 1
| #define HAVE_SYS_TYPES_H 1
| #define HAVE_SYS_STAT_H 1
| #define HAVE_STDLIB_H 1
| #define HAVE_STRING_H 1
| #define HAVE_MEMORY_H 1
| #define HAVE_STRINGS_H 1
| #define HAVE_INTTYPES_H 1
| #define HAVE_STDINT_H 1
| #define HAVE_UNISTD_H 1
| #define HAVE_DLFCN_H 1
| #define LT_OBJDIR ".libs/"
| /* end confdefs.h.  */
| #include <ac_nonexistent.h>
configure:12283: checking for ld used by g++
configure:12350: result: /usr/bin/ld -m elf_x86_64
configure:12357: checking if the linker (/usr/bin/ld -m elf_x86_64) is GNU ld
configure:12372: result: yes
configure:12427: checking whether the g++ linker (/usr/bin/ld -m elf_x86_64) supports shared libraries
configure:13432: result: yes
configure:13468: g++ -c -g -O2  conftest.cpp >&5
configure:13471: $? = 0
configure:13991: checking for g++ option to produce PIC
configure:13998: result: -fPIC -DPIC
configure:14006: checking if g++ PIC flag -fPIC -DPIC works
configure:14024: g++ -c -g -O2  -fPIC -DPIC -DPIC conftest.cpp >&5
configure:14028: $? = 0
configure:14041: result: yes
configure:14064: checking if g++ static flag -static works
configure:14092: result: yes
configure:14104: checking if g++ supports -c -o file.o
configure:14125: g++ -c -g -O2  -o out/conftest2.o conftest.cpp >&5
configure:14129: $? = 0
configure:14151: result: yes
configure:14156: checking if g++ supports -c -o file.o
configure:14203: result: yes
configure:14233: checking whether the g++ linker (/usr/bin/ld -m elf_x86_64) supports shared libraries
configure:14272: result: yes
configure:14413: checking dynamic linker characteristics
configure:15092: result: GNU/Linux ld.so
configure:15145: checking how to hardcode library paths into programs
configure:15170: result: immediate
configure:15210: checking whether the C++ compiler works
configure:15232: g++ -o conftest -g -O2   conftest.cpp  >&5
configure:15232: $? = 0
configure:15246: result: 
configure:15253: checking for flex
configure:15283: result: no
configure:15253: checking for lex
configure:15283: result: no
configure:15411: checking for bison
configure:15441: result: no
configure:15411: checking for byacc
configure:15441: result: no
configure:15465: checking for a BSD-compatible install
configure:15533: result: /usr/bin/install -c
configure:15544: checking for a sed that does not truncate output
configure:15608: result: /bin/sed
configure:15615: result: MapServer Version from mapserver.h: '6.2.1'
configure:15622: checking for exp in -lm
configure:15647: gcc -o conftest -g -O2   conftest.c -lm   >&5
conftest.c:28:6: warning: conflicting types for built-in function 'exp' [enabled by default]
configure:15647: $? = 0
configure:15656: result: yes
configure:15662: checking for dlopen in -ldl
configure:15687: gcc -o conftest -g -O2   conftest.c -ldl   >&5
configure:15687: $? = 0
configure:15696: result: yes
configure:15705: checking for __gxx_personality_v0 in -lstdc++
configure:15730: gcc -o conftest -g -O2   conftest.c -lstdc++   >&5
configure:15730: $? = 0
configure:15739: result: yes
configure:15750: checking for ANSI C header files
configure:15854: result: yes
configure:15863: checking for strcasecmp
configure:15863: gcc -o conftest -g -O2   conftest.c  -lm -ldl -lstdc++  >&5
conftest.c:45:6: warning: conflicting types for built-in function 'strcasecmp' [enabled by default]
configure:15863: $? = 0
configure:15863: result: yes
configure:15870: checking for strncasecmp
configure:15870: gcc -o conftest -g -O2   conftest.c  -lm -ldl -lstdc++  >&5
conftest.c:45:6: warning: conflicting types for built-in function 'strncasecmp' [enabled by default]
configure:15870: $? = 0
configure:15870: result: yes
configure:15877: checking for strdup
configure:15877: gcc -o conftest -g -O2   conftest.c  -lm -ldl -lstdc++  >&5
conftest.c:45:6: warning: conflicting types for built-in function 'strdup' [enabled by default]
configure:15877: $? = 0
configure:15877: result: yes
configure:15884: checking for strrstr
configure:15884: gcc -o conftest -g -O2   conftest.c  -lm -ldl -lstdc++  >&5
/tmp/ccpI3ubM.o: In function `main':
/opt/mapserver/conftest.c:56: undefined reference to `strrstr'
collect2: ld returned 1 exit status
configure:15884: $? = 1
configure: failed program was:
| /* confdefs.h */
| #define PACKAGE_NAME ""
| #define PACKAGE_TARNAME ""
| #define PACKAGE_VERSION ""
| #define PACKAGE_STRING ""
| #define PACKAGE_BUGREPORT ""
| #define PACKAGE_URL ""
| #define STDC_HEADERS 1
| #define HAVE_SYS_TYPES_H 1
| #define HAVE_SYS_STAT_H 1
| #define HAVE_STDLIB_H 1
| #define HAVE_STRING_H 1
| #define HAVE_MEMORY_H 1
| #define HAVE_STRINGS_H 1
| #define HAVE_INTTYPES_H 1
| #define HAVE_STDINT_H 1
| #define HAVE_UNISTD_H 1
| #define HAVE_DLFCN_H 1
| #define LT_OBJDIR ".libs/"
| #define STDC_HEADERS 1
| /* end confdefs.h.  */
| /* Define strrstr to an innocuous variant, in case <limits.h> declares strrstr.
|    For example, HP-UX 11i <limits.h> declares gettimeofday.  */
| #define strrstr innocuous_strrstr
| 
| /* System header to define __stub macros and hopefully few prototypes,
|     which can conflict with char strrstr (); below.
|     Prefer <limits.h> to <assert.h> if __STDC__ is defined, since
|     <limits.h> exists even on freestanding compilers.  */
| 
| #ifdef __STDC__
| # include <limits.h>
| #else
| # include <assert.h>
| #endif
| 
| #undef strrstr
| 
| /* Override any GCC internal prototype to avoid an error.
|    Use char because int might match the return type of a GCC
|    builtin and then its argument prototype would still apply.  */
| #ifdef __cplusplus
| extern "C"
| #endif
| char strrstr ();
| /* The GNU C library defines this for functions which it implements
|     to always fail with ENOSYS.  Some functions are actually named
|     something starting with __ and the normal name is an alias.  */
| #if defined __stub_strrstr || defined __stub___strrstr
| choke me
| #endif
| 
| int
| main ()
| {
| return strrstr ();
|   ;
|   return 0;
| }
configure:15884: result: no
configure:15891: checking for strcasestr
configure:15891: gcc -o conftest -g -O2   conftest.c  -lm -ldl -lstdc++  >&5
configure:15891: $? = 0
configure:15891: result: yes
configure:15898: checking for strlcat
configure:15898: gcc -o conftest -g -O2   conftest.c  -lm -ldl -lstdc++  >&5
/tmp/ccd5MO8T.o: In function `main':
/opt/mapserver/conftest.c:56: undefined reference to `strlcat'
collect2: ld returned 1 exit status
configure:15898: $? = 1
configure: failed program was:
| /* confdefs.h */
| #define PACKAGE_NAME ""
| #define PACKAGE_TARNAME ""
| #define PACKAGE_VERSION ""
| #define PACKAGE_STRING ""
| #define PACKAGE_BUGREPORT ""
| #define PACKAGE_URL ""
| #define STDC_HEADERS 1
| #define HAVE_SYS_TYPES_H 1
| #define HAVE_SYS_STAT_H 1
| #define HAVE_STDLIB_H 1
| #define HAVE_STRING_H 1
| #define HAVE_MEMORY_H 1
| #define HAVE_STRINGS_H 1
| #define HAVE_INTTYPES_H 1
| #define HAVE_STDINT_H 1
| #define HAVE_UNISTD_H 1
| #define HAVE_DLFCN_H 1
| #define LT_OBJDIR ".libs/"
| #define STDC_HEADERS 1
| /* end confdefs.h.  */
| /* Define strlcat to an innocuous variant, in case <limits.h> declares strlcat.
|    For example, HP-UX 11i <limits.h> declares gettimeofday.  */
| #define strlcat innocuous_strlcat
| 
| /* System header to define __stub macros and hopefully few prototypes,
|     which can conflict with char strlcat (); below.
|     Prefer <limits.h> to <assert.h> if __STDC__ is defined, since
|     <limits.h> exists even on freestanding compilers.  */
| 
| #ifdef __STDC__
| # include <limits.h>
| #else
| # include <assert.h>
| #endif
| 
| #undef strlcat
| 
| /* Override any GCC internal prototype to avoid an error.
|    Use char because int might match the return type of a GCC
|    builtin and then its argument prototype would still apply.  */
| #ifdef __cplusplus
| extern "C"
| #endif
| char strlcat ();
| /* The GNU C library defines this for functions which it implements
|     to always fail with ENOSYS.  Some functions are actually named
|     something starting with __ and the normal name is an alias.  */
| #if defined __stub_strlcat || defined __stub___strlcat
| choke me
| #endif
| 
| int
| main ()
| {
| return strlcat ();
|   ;
|   return 0;
| }
configure:15898: result: no
configure:15905: checking for strlcpy
configure:15905: gcc -o conftest -g -O2   conftest.c  -lm -ldl -lstdc++  >&5
/tmp/ccvMqnP2.o: In function `main':
/opt/mapserver/conftest.c:56: undefined reference to `strlcpy'
collect2: ld returned 1 exit status
configure:15905: $? = 1
configure: failed program was:
| /* confdefs.h */
| #define PACKAGE_NAME ""
| #define PACKAGE_TARNAME ""
| #define PACKAGE_VERSION ""
| #define PACKAGE_STRING ""
| #define PACKAGE_BUGREPORT ""
| #define PACKAGE_URL ""
| #define STDC_HEADERS 1
| #define HAVE_SYS_TYPES_H 1
| #define HAVE_SYS_STAT_H 1
| #define HAVE_STDLIB_H 1
| #define HAVE_STRING_H 1
| #define HAVE_MEMORY_H 1
| #define HAVE_STRINGS_H 1
| #define HAVE_INTTYPES_H 1
| #define HAVE_STDINT_H 1
| #define HAVE_UNISTD_H 1
| #define HAVE_DLFCN_H 1
| #define LT_OBJDIR ".libs/"
| #define STDC_HEADERS 1
| /* end confdefs.h.  */
| /* Define strlcpy to an innocuous variant, in case <limits.h> declares strlcpy.
|    For example, HP-UX 11i <limits.h> declares gettimeofday.  */
| #define strlcpy innocuous_strlcpy
| 
| /* System header to define __stub macros and hopefully few prototypes,
|     which can conflict with char strlcpy (); below.
|     Prefer <limits.h> to <assert.h> if __STDC__ is defined, since
|     <limits.h> exists even on freestanding compilers.  */
| 
| #ifdef __STDC__
| # include <limits.h>
| #else
| # include <assert.h>
| #endif
| 
| #undef strlcpy
| 
| /* Override any GCC internal prototype to avoid an error.
|    Use char because int might match the return type of a GCC
|    builtin and then its argument prototype would still apply.  */
| #ifdef __cplusplus
| extern "C"
| #endif
| char strlcpy ();
| /* The GNU C library defines this for functions which it implements
|     to always fail with ENOSYS.  Some functions are actually named
|     something starting with __ and the normal name is an alias.  */
| #if defined __stub_strlcpy || defined __stub___strlcpy
| choke me
| #endif
| 
| int
| main ()
| {
| return strlcpy ();
|   ;
|   return 0;
| }
configure:15905: result: no
configure:15912: checking for vsnprintf
configure:15912: gcc -o conftest -g -O2   conftest.c  -lm -ldl -lstdc++  >&5
conftest.c:45:6: warning: conflicting types for built-in function 'vsnprintf' [enabled by default]
configure:15912: $? = 0
configure:15912: result: yes
configure:15923: checking if pkg-config path is provided
configure:15947: checking for pkg-config
configure:15965: found /usr/bin/pkg-config
configure:15978: result: /usr/bin/pkg-config
configure:16025: checking for freetype-config
configure:16043: found /usr/bin/freetype-config
configure:16056: result: /usr/bin/freetype-config
configure:16105: checking for FT_Init_FreeType in -lfreetype
configure:16130: gcc -o conftest -g -O2 -I/usr/include/freetype2  -L/usr/lib/x86_64-linux-gnu -lfreetype -lz  conftest.c -lfreetype   -lm -ldl -lstdc++  >&5
configure:16130: $? = 0
configure:16139: result: yes
configure:16150: checking ft2build.h usability
configure:16150: gcc -c -g -O2 -I/usr/include/freetype2  conftest.c >&5
configure:16150: $? = 0
configure:16150: result: yes
configure:16150: checking ft2build.h presence
configure:16150: gcc -E -I/usr/include/freetype2  conftest.c
configure:16150: $? = 0
configure:16150: result: yes
configure:16150: checking for ft2build.h
configure:16150: result: yes
configure:16199: checking png.h usability
configure:16199: gcc -c -g -O2  conftest.c >&5
configure:16199: $? = 0
configure:16199: result: yes
configure:16199: checking png.h presence
configure:16199: gcc -E  conftest.c
configure:16199: $? = 0
configure:16199: result: yes
configure:16199: checking for png.h
configure:16199: result: yes
configure:16207: checking setjmp.h usability
configure:16207: gcc -c -g -O2  conftest.c >&5
configure:16207: $? = 0
configure:16207: result: yes
configure:16207: checking setjmp.h presence
configure:16207: gcc -E  conftest.c
configure:16207: $? = 0
configure:16207: result: yes
configure:16207: checking for setjmp.h
configure:16207: result: yes
configure:16215: checking for png_init_io in -lpng
configure:16240: gcc -o conftest -g -O2   conftest.c -lpng   -lm -ldl -lstdc++  >&5
configure:16240: $? = 0
configure:16249: result: yes
configure:16344: checking whether we should include GIF support
configure:16367: result: yes
configure:16370: checking gif_lib.h usability
configure:16370: gcc -c -g -O2  conftest.c >&5
configure:16370: $? = 0
configure:16370: result: yes
configure:16370: checking gif_lib.h presence
configure:16370: gcc -E  conftest.c
configure:16370: $? = 0
configure:16370: result: yes
configure:16370: checking for gif_lib.h
configure:16370: result: yes
configure:16378: checking for DGifOpenFileHandle in -lgif
configure:16403: gcc -o conftest -g -O2   conftest.c -lgif   -lm -ldl -lstdc++  >&5
configure:16403: $? = 0
configure:16412: result: yes
configure:16497: checking for jpeg library location (mandatory)...
configure:16513: checking jpeglib.h usability
configure:16513: gcc -c -g -O2  conftest.c >&5
configure:16513: $? = 0
configure:16513: result: yes
configure:16513: checking jpeglib.h presence
configure:16513: gcc -E  conftest.c
configure:16513: $? = 0
configure:16513: result: yes
configure:16513: checking for jpeglib.h
configure:16513: result: yes
configure:16521: checking for jpeg_read_header in -ljpeg
configure:16546: gcc -o conftest -g -O2   conftest.c -ljpeg   -lm -ldl -lstdc++  >&5
configure:16546: $? = 0
configure:16555: result: yes
configure:16655: checking where libiconv is installed...
configure:16831: checking for iconv_open in -lc
configure:16856: gcc -o conftest -g -O2   conftest.c -lc   -lm -ldl -lstdc++  >&5
configure:16856: $? = 0
configure:16865: result: yes
configure:16871: checking for libiconv_open in -liconv
configure:16896: gcc -o conftest -g -O2   conftest.c -liconv   -lm -ldl -lstdc++  >&5
/usr/bin/ld: cannot find -liconv
collect2: ld returned 1 exit status
configure:16896: $? = 1
configure: failed program was:
| /* confdefs.h */
| #define PACKAGE_NAME ""
| #define PACKAGE_TARNAME ""
| #define PACKAGE_VERSION ""
| #define PACKAGE_STRING ""
| #define PACKAGE_BUGREPORT ""
| #define PACKAGE_URL ""
| #define STDC_HEADERS 1
| #define HAVE_SYS_TYPES_H 1
| #define HAVE_SYS_STAT_H 1
| #define HAVE_STDLIB_H 1
| #define HAVE_STRING_H 1
| #define HAVE_MEMORY_H 1
| #define HAVE_STRINGS_H 1
| #define HAVE_INTTYPES_H 1
| #define HAVE_STDINT_H 1
| #define HAVE_UNISTD_H 1
| #define HAVE_DLFCN_H 1
| #define LT_OBJDIR ".libs/"
| #define STDC_HEADERS 1
| #define HAVE_FT2BUILD_H 1
| /* end confdefs.h.  */
| 
| /* Override any GCC internal prototype to avoid an error.
|    Use char because int might match the return type of a GCC
|    builtin and then its argument prototype would still apply.  */
| #ifdef __cplusplus
| extern "C"
| #endif
| char libiconv_open ();
| int
| main ()
| {
| return libiconv_open ();
|   ;
|   return 0;
| }
configure:16905: result: no
configure:16911: checking for iconv_open in -liconv
configure:16936: gcc -o conftest -g -O2   conftest.c -liconv   -lm -ldl -lstdc++  >&5
/usr/bin/ld: cannot find -liconv
collect2: ld returned 1 exit status
configure:16936: $? = 1
configure: failed program was:
| /* confdefs.h */
| #define PACKAGE_NAME ""
| #define PACKAGE_TARNAME ""
| #define PACKAGE_VERSION ""
| #define PACKAGE_STRING ""
| #define PACKAGE_BUGREPORT ""
| #define PACKAGE_URL ""
| #define STDC_HEADERS 1
| #define HAVE_SYS_TYPES_H 1
| #define HAVE_SYS_STAT_H 1
| #define HAVE_STDLIB_H 1
| #define HAVE_STRING_H 1
| #define HAVE_MEMORY_H 1
| #define HAVE_STRINGS_H 1
| #define HAVE_INTTYPES_H 1
| #define HAVE_STDINT_H 1
| #define HAVE_UNISTD_H 1
| #define HAVE_DLFCN_H 1
| #define LT_OBJDIR ".libs/"
| #define STDC_HEADERS 1
| #define HAVE_FT2BUILD_H 1
| /* end confdefs.h.  */
| 
| /* Override any GCC internal prototype to avoid an error.
|    Use char because int might match the return type of a GCC
|    builtin and then its argument prototype would still apply.  */
| #ifdef __cplusplus
| extern "C"
| #endif
| char iconv_open ();
| int
| main ()
| {
| return iconv_open ();
|   ;
|   return 0;
| }
configure:16945: result: no
configure:16953: result:         using libiconv from system libs.
configure:16964: result:         libiconv found. Enabling internationalization (-DUSE_ICONV)
configure:17008: checking for gdlib-config
configure:17026: found /usr/bin/gdlib-config
configure:17039: result: /usr/bin/gdlib-config
configure:17114: result: using libgd 2.0.36 from /usr/bin/gdlib-config
configure:17174: checking if FTGL support requested
configure:17251: result: no
configure:17270: checking if OGL support requested
configure:17346: result: no
configure:17382: checking where EXPAT is installed...
configure:17445: checking for XML_ParserCreate in -lexpat
configure:17470: gcc -o conftest -g -O2   conftest.c -lexpat   -lm -ldl -lstdc++  >&5
configure:17470: $? = 0
configure:17479: result: yes
configure:17485: checking expat.h usability
configure:17485: gcc -c -g -O2  conftest.c >&5
configure:17485: $? = 0
configure:17485: result: yes
configure:17485: checking expat.h presence
configure:17485: gcc -E  conftest.c
configure:17485: $? = 0
configure:17485: result: yes
configure:17485: checking for expat.h
configure:17485: result: yes
configure:17494: result:         using libexpat from system libs.
configure:17506: checking for AGG support
configure:17509: result:         internal
configure:17518: checking whether we should include PROJ.4 support...
configure:17529: checking for pj_init in -lproj
configure:17554: gcc -o conftest -g -O2   conftest.c -lproj   -lm -ldl -lstdc++  >&5
configure:17554: $? = 0
configure:17563: result: yes
configure:17569: checking for pj_transform in -lproj
configure:17594: gcc -o conftest -g -O2   conftest.c -lproj   -lm -ldl -lstdc++  >&5
configure:17594: $? = 0
configure:17603: result: yes
configure:17616: result:         using PROJ.4 from system libs.
configure:17747: checking whether we should include thread safe support...
configure:17758: checking for pthread_create in -lpthread
configure:17783: gcc -o conftest -g -O2   conftest.c -lpthread   -lm -ldl -lstdc++  >&5
configure:17783: $? = 0
configure:17792: result: yes
configure:17801: result:         using -lpthread from system libs.
configure:17828: checking for __sync_fetch_and_add
configure:17844: gcc -o conftest -g -O2   conftest.c  -lm -ldl -lstdc++  >&5
configure:17844: $? = 0
configure:17852: result: yes
configure:17862: checking whether we should include ESRI SDE support...
configure:18198: result:         ESRI SDE support not requested.
configure:18214: checking if GEOS support requested
configure:18226: result: yes
configure:18235: checking for geos-config
configure:18253: found /usr/bin/geos-config
configure:18266: result: /usr/bin/geos-config
configure:18289: checking for GEOS version >= 3.0.0
configure:18310: result: yes. Found version 3.3.8
configure:18349: checking whether we should include OGR support...
configure:18365: checking for gdal-config
configure:18383: found /usr/bin/gdal-config
configure:18396: result: /usr/bin/gdal-config
configure:18415: result:         OGR enabled (-DUSE_OGR).
configure:18429: checking if GDAL support requested
configure:18441: result: yes
configure:18542: checking if PostGIS support requested
configure:18557: result: yes
configure:18561: checking for pg_config
configure:18579: found /usr/bin/pg_config
configure:18592: result: /usr/bin/pg_config
configure:18612: result: yes, user supplied pg_config (/usr/bin/pg_config)
configure:18630: checking for PQconnectdb in -lpq
configure:18655: gcc -o conftest -g -O2   -L/usr/lib -lpq conftest.c -lpq   -lm -ldl -lstdc++  >&5
configure:18655: $? = 0
configure:18664: result: yes
configure:18718: checking for PQserverVersion in -lpq
configure:18743: gcc -o conftest -g -O2   -L/usr/lib -lpq conftest.c -lpq   -lm -ldl -lstdc++  >&5
configure:18743: $? = 0
configure:18752: result: yes
configure:18776: checking if Mysql support requested
configure:18787: result: no
configure:18869: checking if OracleSpatial support requested
configure:18879: result: no
configure:18945: checking whether we should include WMS Server support...
configure:18967: result:         OGC WMS compatibility enabled (-DUSE_WMS_SVR).
configure:18979: checking whether we should include WFS Server support...
configure:19004: result:         OGC WFS Server support enabled (-DUSE_WFS_SVR).
configure:19016: checking whether we should include WCS Server support...
configure:19034: result:         OGC WCS Server support enabled (-DUSE_WCS_SVR).
configure:19044: checking whether we should include WMS Client Connections support...
configure:19070: checking whether we should include WFS Client Connections support...
configure:19096: checking whether we should include OGC SOS Server support...
configure:19120: result:         OGC SOS Server support requested.
configure:19126: checking for curl-config
configure:19150: checking for curl-config
configure:19168: found /usr/bin/curl-config
configure:19181: result: /usr/bin/curl-config
configure:19199: result:         found libcurl version 7.22.0
configure:19206: checking for CURLOPT_PROXYAUTH support
configure:19209: result: yes.
configure:19219: result:         OGC WMS Client Connections enabled (-DUSE_WMS_LYR).
configure:19225: result:         OGC WFS Client Connections enabled (-DUSE_WFS_LYR).
configure:19251: checking if KML output is requested
configure:19256: result: yes
configure:19265: checking if exempi support requested
configure:19356: result: no
configure:19369: checking for libxml2
configure:19427: checking for xml2-config
configure:19445: found /usr/bin/xml2-config
configure:19458: result: /usr/bin/xml2-config
configure:19474: result:         found libxml2 version 2.8.0
configure:19516: checking if xml-mapfile is requested
configure:19525: result: no
configure:19541: checking if xslt is requested
configure:19546: result: no
configure:19614: checking if exslt is requested
configure:19619: result: no
configure:19678: checking if FriBidi support requested
configure:19689: result: no
configure:19793: checking if Cairo support requested
configure:19809: result: yes
configure:19812: checking for cairo pkg-config path
configure:19816: result: yes
configure:19834: result: yes, pkg-config defaults, or user supplied path to cairo.pc
configure:19854: checking if Cairo svg parser support requested
configure:19877: result: yes
configure:19880: checking for libsvg-cairo pkg-config path
configure:19884: result: yes
configure:19905: result: yes, pkg-config defaults, or user supplied path to cairo.pc
configure:19924: checking FastCGI support
configure:19940: result: requested.
configure:19951: checking for FCGI_Accept in -lfcgi
configure:19976: gcc -o conftest -g -O2   conftest.c -lfcgi -lfcgi  -lm -ldl -lstdc++  >&5
configure:19976: $? = 0
configure:19985: result: yes
configure:20490: result: Compiling with fast MS_NINT
configure:20498: checking compiler warnings
configure:20508: checking C_WFLAGS for maximum warnings
configure:20535: gcc -c -g -O2 -pedantic -Wdeclaration-after-statement  -Wall -Wdeclaration-after-statement  conftest.c >&5
configure:20535: $? = 0
configure:20549: result: -Wall -Wdeclaration-after-statement
configure:20562: : C_WFLAGS="$C_WFLAGS $ac_cv_cflags_warn_all"
configure:20565: $? = 0
configure:20572: checking CXX_WFLAGS for maximum warnings
configure:20599: g++ -c -g -O2 -pedantic  -Wall  conftest.cpp >&5
configure:20599: $? = 0
configure:20613: result: -Wall
configure:20626: : CXX_WFLAGS="$CXX_WFLAGS $ac_cv_cxxflags_warn_all"
configure:20629: $? = 0
configure:20667: checking whether we should enable debug features...
configure:20680: result:         Enabling debug features: -g in CFLAGS.
configure:20688: checking whether to enable proj shortcuts...
configure:20704: checking whether we should enable mapserv CGI command-line debug arguments...
configure:20733: checking for PHP/MapScript module options...
configure:20808: checking for location of php_config.h
configure:20813: result: /usr/include/php5/main/php_config.h
configure:20822: checking if we have PHP 5.2.0+
configure:20831: result: yes
configure:20835: checking whether we should use PHP's regex
configure:20838: result: yes
configure:20854: result:         found regex.h - building PHP MapScript with PHP's bundled regex 
configure:20881: result:         PHP/MapScript module configured.
configure:21058: checking if --with-java-include-os-name specified
configure:21079: result: no, autodetected linux
configure:21093: checking for javac
configure:21124: result: no
configure:21133: result: javac could not be found in path
configure:21213: checking if we should build python mapscript
configure:21414: result:         Python/MapScript module not configured.
configure:21588: creating ./config.status

## ---------------------- ##
## Running config.status. ##
## ---------------------- ##

This file was extended by config.status, which was
generated by GNU Autoconf 2.68.  Invocation command line was

  CONFIG_FILES    = 
  CONFIG_HEADERS  = 
  CONFIG_LINKS    = 
  CONFIG_COMMANDS = 
  $ ./config.status 

on build

config.status:1190: creating Makefile
config.status:1190: creating mapscript/php/Makefile
config.status:1190: creating mapscript/python/Makefile
config.status:1190: creating mapscript/java/Makefile
config.status:1190: creating mapscript/csharp/Makefile
config.status:1190: creating mapscript/perl/Makefile.PL
config.status:1356: executing libtool commands
configure:23808: result: 
configure:23810: result: MapServer is now configured for x86_64-unknown-linux-gnu
configure:23812: result: 
configure:23814: result:  -------------- Compiler Info ------------- 
configure:23816: result:   C compiler:                gcc -g    -Wall -Wdeclaration-after-statement 
configure:23818: result:   C++ compiler:              g++ -g    -Wall 
configure:23820: result:   Debug:                     -g 
configure:23822: result:   Generic NINT:              
configure:23824: result: 
configure:23826: result:  -------------- Renderer Settings --------- 
configure:23828: result:   OpenGL support:            
configure:23830: result:   zlib support:              
configure:23832: result:   png support:               -DUSE_PNG
configure:23834: result:   gif support:               -DUSE_GIF
configure:23836: result:   jpeg support:              -DUSE_JPEG
configure:23838: result:   freetype support:          -DUSE_FREETYPE
configure:23840: result:   iconv support:             -DUSE_ICONV
configure:23842: result:   AGG support:               internal
configure:23844: result:   GD support:                -DUSE_GD  -DUSE_GD_PNG -DUSE_GD_JPEG -DUSE_GD_GIF
configure:23846: result:   Cairo (SVG,PDF) support:   -DUSE_CAIRO
configure:23848: result:   Cairo SVG symbol support:  -DUSE_SVG_CAIRO
configure:23850: result:   KML support:               -DUSE_KML
configure:23852: result: 
configure:23855: result:  -------------- Support Libraries --------- 
configure:23857: result:   Proj.4 support:            -DUSE_PROJ
configure:23859: result:   Proj Fastpaths:            
configure:23861: result:   Libxml2 support:           -DUSE_LIBXML2
configure:23863: result:   FriBidi support:           
configure:23865: result:   Curl support:              -DUSE_CURL -DUSE_CURLOPT_PROXYAUTH
configure:23867: result:   FastCGI support:           -DUSE_FASTCGI
configure:23869: result:   Exempi support:            
configure:23871: result:   Threading support:         -DUSE_THREAD
configure:23873: result:   GEOS support:              -DUSE_GEOS
configure:23875: result:   XML Mapfile support:        
configure:23877: result:   XSLT support:              
configure:23879: result:   EXSLT support:              
configure:23881: result: 
configure:23884: result:  -------------- Data Format Drivers ------- 
configure:23886: result:   PostGIS support:           -DUSE_POSTGIS -DPOSTGIS_HAS_SERVER_VERSION
configure:23888: result:   ArcSDE support:            
configure:23890: result:   OGR support:               -DUSE_OGR
configure:23892: result:   GDAL support:              -DUSE_GDAL
configure:23894: result:   Oracle Spatial support:    
configure:23896: result: 
configure:23899: result:  -------------- OGC Services -------------- 
configure:23901: result:   WMS Server:                -DUSE_WMS_SVR
configure:23903: result:   WMS Client:                -DUSE_WMS_LYR
configure:23905: result:   WFS Server:                -DUSE_WFS_SVR
configure:23907: result:   WFS Client:                -DUSE_WFS_LYR
configure:23909: result:   WCS Server:                -DUSE_WCS_SVR
configure:23911: result:   SOS Server:                -DUSE_SOS_SVR
configure:23913: result: 
configure:23916: result:  -------------- MapScript ----------------- 
configure:23919: result:   PHP MapScript:             yes
configure:23929: result:   Python MapScript:          no
configure:23933: result: 

## ---------------- ##
## Cache variables. ##
## ---------------- ##

ac_cv_build=x86_64-unknown-linux-gnu
ac_cv_c_compiler_gnu=yes
ac_cv_cflags_warn_all='-Wall -Wdeclaration-after-statement'
ac_cv_cxx_compiler_gnu=yes
ac_cv_cxxflags_warn_all=-Wall
ac_cv_env_CCC_set=
ac_cv_env_CCC_value=
ac_cv_env_CC_set=
ac_cv_env_CC_value=
ac_cv_env_CFLAGS_set=
ac_cv_env_CFLAGS_value=
ac_cv_env_CPPFLAGS_set=
ac_cv_env_CPPFLAGS_value=
ac_cv_env_CPP_set=
ac_cv_env_CPP_value=
ac_cv_env_CXXCPP_set=
ac_cv_env_CXXCPP_value=
ac_cv_env_CXXFLAGS_set=
ac_cv_env_CXXFLAGS_value=
ac_cv_env_CXX_set=
ac_cv_env_CXX_value=
ac_cv_env_LDFLAGS_set=
ac_cv_env_LDFLAGS_value=
ac_cv_env_LIBS_set=
ac_cv_env_LIBS_value=
ac_cv_env_YACC_set=
ac_cv_env_YACC_value=
ac_cv_env_YFLAGS_set=
ac_cv_env_YFLAGS_value=
ac_cv_env_build_alias_set=
ac_cv_env_build_alias_value=
ac_cv_env_host_alias_set=
ac_cv_env_host_alias_value=
ac_cv_env_target_alias_set=
ac_cv_env_target_alias_value=
ac_cv_func_strcasecmp=yes
ac_cv_func_strcasestr=yes
ac_cv_func_strdup=yes
ac_cv_func_strlcat=no
ac_cv_func_strlcpy=no
ac_cv_func_strncasecmp=yes
ac_cv_func_strrstr=no
ac_cv_func_sync_fetch_and_add=yes
ac_cv_func_vsnprintf=yes
ac_cv_header_dlfcn_h=yes
ac_cv_header_expat_h=yes
ac_cv_header_ft2build_h=yes
ac_cv_header_gif_lib_h=yes
ac_cv_header_inttypes_h=yes
ac_cv_header_jpeglib_h=yes
ac_cv_header_memory_h=yes
ac_cv_header_png_h=yes
ac_cv_header_setjmp_h=yes
ac_cv_header_stdc=yes
ac_cv_header_stdint_h=yes
ac_cv_header_stdlib_h=yes
ac_cv_header_string_h=yes
ac_cv_header_strings_h=yes
ac_cv_header_sys_stat_h=yes
ac_cv_header_sys_types_h=yes
ac_cv_header_unistd_h=yes
ac_cv_host=x86_64-unknown-linux-gnu
ac_cv_lib_c_iconv_open=yes
ac_cv_lib_dl_dlopen=yes
ac_cv_lib_expat_XML_ParserCreate=yes
ac_cv_lib_fcgi_FCGI_Accept=yes
ac_cv_lib_freetype_FT_Init_FreeType=yes
ac_cv_lib_gif_DGifOpenFileHandle=yes
ac_cv_lib_iconv_iconv_open=no
ac_cv_lib_iconv_libiconv_open=no
ac_cv_lib_jpeg_jpeg_read_header=yes
ac_cv_lib_m_exp=yes
ac_cv_lib_png_png_init_io=yes
ac_cv_lib_pq_PQconnectdb=yes
ac_cv_lib_pq_PQserverVersion=yes
ac_cv_lib_proj_pj_init=yes
ac_cv_lib_proj_pj_transform=yes
ac_cv_lib_pthread_pthread_create=yes
ac_cv_lib_stdcpp___gxx_personality_v0=yes
ac_cv_objext=o
ac_cv_path_EGREP='/bin/grep -E'
ac_cv_path_FGREP='/bin/grep -F'
ac_cv_path_FT_BIN=/usr/bin/freetype-config
ac_cv_path_GDAL_CONFIG=/usr/bin/gdal-config
ac_cv_path_GDCONFIG=/usr/bin/gdlib-config
ac_cv_path_GEOS_CONFIG=/usr/bin/geos-config
ac_cv_path_GREP=/bin/grep
ac_cv_path_LIBCURL_CONFIG=/usr/bin/curl-config
ac_cv_path_LIBXML2_CONFIG=/usr/bin/xml2-config
ac_cv_path_PG_CONFIG=/usr/bin/pg_config
ac_cv_path_PKG_CONFIG=/usr/bin/pkg-config
ac_cv_path_SED=/bin/sed
ac_cv_path__ACJNI_JAVAC=no
ac_cv_path_install='/usr/bin/install -c'
ac_cv_prog_AWK=mawk
ac_cv_prog_CPP='gcc -E'
ac_cv_prog_CXXCPP='g++ -E'
ac_cv_prog_ac_ct_AR=ar
ac_cv_prog_ac_ct_CC=gcc
ac_cv_prog_ac_ct_CXX=g++
ac_cv_prog_ac_ct_MANIFEST_TOOL=mt
ac_cv_prog_ac_ct_OBJDUMP=objdump
ac_cv_prog_ac_ct_RANLIB=ranlib
ac_cv_prog_ac_ct_STRIP=strip
ac_cv_prog_cc_c89=
ac_cv_prog_cc_g=yes
ac_cv_prog_cxx_g=yes
lt_cv_ar_at_file=@
lt_cv_archive_cmds_need_lc=no
lt_cv_deplibs_check_method=pass_all
lt_cv_file_magic_cmd='$MAGIC_CMD'
lt_cv_file_magic_test_file=
lt_cv_ld_reload_flag=-r
lt_cv_nm_interface='BSD nm'
lt_cv_objdir=.libs
lt_cv_path_LD=/usr/bin/ld
lt_cv_path_LDCXX='/usr/bin/ld -m elf_x86_64'
lt_cv_path_NM='/usr/bin/nm -B'
lt_cv_path_mainfest_tool=no
lt_cv_prog_compiler_c_o=yes
lt_cv_prog_compiler_c_o_CXX=yes
lt_cv_prog_compiler_pic='-fPIC -DPIC'
lt_cv_prog_compiler_pic_CXX='-fPIC -DPIC'
lt_cv_prog_compiler_pic_works=yes
lt_cv_prog_compiler_pic_works_CXX=yes
lt_cv_prog_compiler_rtti_exceptions=no
lt_cv_prog_compiler_static_works=yes
lt_cv_prog_compiler_static_works_CXX=yes
lt_cv_prog_gnu_ld=yes
lt_cv_prog_gnu_ldcxx=yes
lt_cv_sharedlib_from_linklib_cmd='printf %s\n'
lt_cv_shlibpath_overrides_runpath=no
lt_cv_sys_global_symbol_pipe='sed -n -e '\''s/^.*[	 ]\([ABCDGIRSTW][ABCDGIRSTW]*\)[	 ][	 ]*\([_A-Za-z][_A-Za-z0-9]*\)$/\1 \2 \2/p'\'' | sed '\''/ __gnu_lto/d'\'''
lt_cv_sys_global_symbol_to_c_name_address='sed -n -e '\''s/^: \([^ ]*\)[ ]*$/  {\"\1\", (void *) 0},/p'\'' -e '\''s/^[ABCDGIRSTW]* \([^ ]*\) \([^ ]*\)$/  {"\2", (void *) \&\2},/p'\'''
lt_cv_sys_global_symbol_to_c_name_address_lib_prefix='sed -n -e '\''s/^: \([^ ]*\)[ ]*$/  {\"\1\", (void *) 0},/p'\'' -e '\''s/^[ABCDGIRSTW]* \([^ ]*\) \(lib[^ ]*\)$/  {"\2", (void *) \&\2},/p'\'' -e '\''s/^[ABCDGIRSTW]* \([^ ]*\) \([^ ]*\)$/  {"lib\2", (void *) \&\2},/p'\'''
lt_cv_sys_global_symbol_to_cdecl='sed -n -e '\''s/^T .* \(.*\)$/extern int \1();/p'\'' -e '\''s/^[ABCDGIRSTW]* .* \(.*\)$/extern char \1;/p'\'''
lt_cv_sys_max_cmd_len=1572864
lt_cv_to_host_file_cmd=func_convert_file_noop
lt_cv_to_tool_file_cmd=func_convert_file_noop

## ----------------- ##
## Output variables. ##
## ----------------- ##

ALL_ENABLED='    -DUSE_FASTCGI -DUSE_SVG_CAIRO -DUSE_CAIRO     -DUSE_WMS_LYR -DUSE_WFS_LYR -DUSE_SOS_SVR -DUSE_LIBXML2 -DUSE_CURL -DUSE_CURLOPT_PROXYAUTH -DUSE_KML  -DUSE_WCS_SVR -DUSE_WFS_SVR -DUSE_WMS_SVR   -DUSE_POSTGIS -DPOSTGIS_HAS_SERVER_VERSION -DUSE_GDAL -DUSE_OGR -DUSE_GEOS  -DHAVE_SYNC_FETCH_AND_ADD -DUSE_THREAD -DUSE_PROJ   -DUSE_GD  -DUSE_GD_PNG -DUSE_GD_JPEG -DUSE_GD_GIF -DUSE_ICONV -DUSE_JPEG -DUSE_GIF -DUSE_PNG -DUSE_FREETYPE -DHAVE_VSNPRINTF -DNEED_STRLCPY -DNEED_STRLCAT -DNEED_STRRSTR   -DDISABLE_CVSID'
ALL_INC=' -I/usr/include/cairo -I/usr/include/libxml2 -I/usr/include/glib-2.0 -I/usr/lib/x86_64-linux-gnu/glib-2.0/include -I/usr/include/pixman-1 -I/usr/include/freetype2 -I/usr/include/libpng12   -I/usr/include/cairo -I/usr/include/glib-2.0 -I/usr/lib/x86_64-linux-gnu/glib-2.0/include -I/usr/include/pixman-1 -I/usr/include/freetype2 -I/usr/include/libpng12      -I/usr/include/libxml2    -I/usr/include/postgresql -I/usr/include/gdal -I/usr/include      -I/usr/include/freetype2     '
ALL_LIB='-lfcgi -lsvg-cairo -lsvg -lpng -ljpeg -lz -lcairo -lxml2   -lfreetype -lz -lcairo -lpng12      -L/usr/lib -lxml2 -L/usr/lib/x86_64-linux-gnu -lcurl -Wl,-Bsymbolic-functions -Wl,-z,relro   -L/usr/lib -lpq -L/usr/lib -lgdal -L/usr/lib -lgeos_c  -lpthread -lproj   -lc -L/usr/lib/x86_64-linux-gnu -lfreetype -lz   -lpng  -lgif  -ljpeg -L/usr/lib/x86_64-linux-gnu -lgd'
ALL_STATIC_LIB=''
APACHECTL=''
APACHE_BINDIR=''
APACHE_INC=''
APACHE_LDFLAGS=''
APACHE_LIBS=''
APACHE_SBINDIR=''
APRCONFIG=''
APR_CFLAGS=''
APR_INC=''
APR_LIBS=''
APXS=''
AR='ar'
AWK='mawk'
CAIRO_ENABLED='-DUSE_CAIRO'
CAIRO_INC='-I/usr/include/cairo -I/usr/include/glib-2.0 -I/usr/lib/x86_64-linux-gnu/glib-2.0/include -I/usr/include/pixman-1 -I/usr/include/freetype2 -I/usr/include/libpng12  '
CAIRO_LIB='-lfreetype -lz -lcairo -lpng12  '
CC='gcc'
CFLAGS='-g    -Wall -Wdeclaration-after-statement '
CPP='gcc -E'
CPPFLAGS=''
CURL_INC=''
CURL_LIB='-L/usr/lib/x86_64-linux-gnu -lcurl -Wl,-Bsymbolic-functions -Wl,-z,relro'
CXX='g++'
CXXCPP='g++ -E'
CXXFLAGS='-g    -Wall '
C_PIC='-fPIC'
DEBUG_FLAGS=''
DEFS='-DPACKAGE_NAME=\"\" -DPACKAGE_TARNAME=\"\" -DPACKAGE_VERSION=\"\" -DPACKAGE_STRING=\"\" -DPACKAGE_BUGREPORT=\"\" -DPACKAGE_URL=\"\" -DSTDC_HEADERS=1 -DHAVE_SYS_TYPES_H=1 -DHAVE_SYS_STAT_H=1 -DHAVE_STDLIB_H=1 -DHAVE_STRING_H=1 -DHAVE_MEMORY_H=1 -DHAVE_STRINGS_H=1 -DHAVE_INTTYPES_H=1 -DHAVE_STDINT_H=1 -DHAVE_UNISTD_H=1 -DHAVE_DLFCN_H=1 -DLT_OBJDIR=\".libs/\" -DSTDC_HEADERS=1 -DHAVE_FT2BUILD_H=1 -DHAVE_SYNC_FETCH_AND_ADD=1'
DLLTOOL='false'
DSYMUTIL=''
DUMPBIN=''
ECHO_C=''
ECHO_N='-n'
ECHO_T=''
EGREP='/bin/grep -E'
EXEEXT=''
EXEMPI_ENABLED=''
EXEMPI_INC=''
EXEMPI_LIB=''
EXSLT_ENABLED=''
EXSLT_INC=''
EXSLT_LIB=''
FASTCGI_ENABLED='-DUSE_FASTCGI'
FASTCGI_INC=''
FASTCGI_LIB='-lfcgi'
FGREP='/bin/grep -F'
FRIBIDI_CONFIG='no'
FRIBIDI_ENABLED=''
FRIBIDI_INC=''
FRIBIDI_LIB=''
FTGL_ENABLED=''
FTGL_INC=''
FTGL_LIB=''
FT_BIN='/usr/bin/freetype-config'
FT_ENABLED='-DUSE_FREETYPE'
FT_INC='-I/usr/include/freetype2'
FT_LIB='-L/usr/lib/x86_64-linux-gnu -lfreetype -lz'
GDAL_CONFIG='/usr/bin/gdal-config'
GDAL_ENABLED='-DUSE_GDAL'
GDAL_INC='-I/usr/include/gdal'
GDAL_LIB='-L/usr/lib -lgdal'
GDCONFIG='/usr/bin/gdlib-config'
GD_ENABLED='-DUSE_GD  -DUSE_GD_PNG -DUSE_GD_JPEG -DUSE_GD_GIF'
GD_INC=''
GD_LIB='-L/usr/lib/x86_64-linux-gnu -lgd'
GEOS_CONFIG='/usr/bin/geos-config'
GEOS_ENABLED='-DUSE_GEOS'
GEOS_INC='-I/usr/include'
GEOS_LIB='-L/usr/lib -lgeos_c'
GIF_ENABLED='-DUSE_GIF'
GIF_INC=''
GIF_LIB=' -lgif'
GREP='/bin/grep'
HTTPD=''
ICONV_ENABLED='-DUSE_ICONV'
ICONV_INC=''
ICONV_LIB='-lc'
IGNORE_MISSING_DATA=''
INSTALL_DATA='${INSTALL} -m 644'
INSTALL_PROGRAM='${INSTALL}'
INSTALL_SCRIPT='${INSTALL}'
JAVA_INCLUDE=''
JPEG_ENABLED='-DUSE_JPEG'
JPEG_INC=''
JPEG_LIB=' -ljpeg'
LD='/usr/bin/ld -m elf_x86_64'
LDFLAGS=''
LD_SHARED='g++ -shared '
LEX=':'
LEXLIB=''
LEX_OUTPUT_ROOT=''
LIBCURL_CONFIG='/usr/bin/curl-config'
LIBOBJS=''
LIBS=' -lm -ldl -lstdc++ '
LIBSVG_CAIRO_ENABLED='-DUSE_SVG_CAIRO'
LIBSVG_CAIRO_INC='-I/usr/include/cairo -I/usr/include/libxml2 -I/usr/include/glib-2.0 -I/usr/lib/x86_64-linux-gnu/glib-2.0/include -I/usr/include/pixman-1 -I/usr/include/freetype2 -I/usr/include/libpng12  '
LIBSVG_CAIRO_LIB='-lsvg-cairo -lsvg -lpng -ljpeg -lz -lcairo -lxml2  '
LIBTOOL='$(SHELL) $(top_builddir)/libtool'
LIBXML2_CONFIG='/usr/bin/xml2-config'
LIPO=''
LN_S='ln -s'
LTLIBOBJS=''
MANIFEST_TOOL=':'
MS_INC='-I/opt/mapserver'
MS_LIB='-L/opt/mapserver -lmapserver'
MS_VERSION='6.2.1'
MYSQL_ENABLED=''
MYSQL_INC=''
MYSQL_LIB=''
MY_CONFIG='no'
NM='/usr/bin/nm -B'
NMEDIT=''
OBJDUMP='objdump'
OBJEXT='o'
OGL_ENABLED=''
OGL_INC=''
OGL_LIB=''
OGR_ENABLED='-DUSE_OGR'
ORACLESPATIAL_ENABLED=''
ORACLESPATIAL_INC=''
ORACLESPATIAL_LIB=''
OS_INCLUDE_DIR='linux'
OTOOL64=''
OTOOL=''
PACKAGE_BUGREPORT=''
PACKAGE_NAME=''
PACKAGE_STRING=''
PACKAGE_TARNAME=''
PACKAGE_URL=''
PACKAGE_VERSION=''
PATH_SEPARATOR=':'
PG_CONFIG='/usr/bin/pg_config'
PHPCONFIG='/usr/bin/php-config'
PHP_MAPSCRIPT='php_mapscript'
PHP_REGEX_INC='-I/usr/include/php5/ext/ereg/'
PHP_REGEX_OBJ='php_regex.lo'
PHP_VERSION_FLAG='-DPHP_VERSION_ID=50310'
PKG_CONFIG='/usr/bin/pkg-config'
PNG_ENABLED='-DUSE_PNG'
PNG_INC=''
PNG_LIB=' -lpng'
POSTGIS_ENABLED='-DUSE_POSTGIS -DPOSTGIS_HAS_SERVER_VERSION'
POSTGIS_INC='-I/usr/include/postgresql'
POSTGIS_LIB='-L/usr/lib -lpq'
PROJ_ENABLED='-DUSE_PROJ'
PROJ_FASTPATH_ENABLED=''
PROJ_INC=''
PROJ_LIBS='-lproj'
PYTHON=''
PYTHON_MAPSCRIPT=''
RANLIB='ranlib'
RPATHS=' /opt/mapserver'
SDE_ENABLED=''
SDE_INC=''
SDE_LIB=''
SED='/bin/sed'
SHELL='/bin/bash'
SOS_SVR_ENABLED='-DUSE_SOS_SVR'
SO_COMMAND_NAME='-soname'
SO_EXT='so'
STRINGS='-DHAVE_VSNPRINTF -DNEED_STRLCPY -DNEED_STRLCAT -DNEED_STRRSTR '
STRIP='strip'
SWIG=''
SWIG_LIB=''
THREAD_FLAG='-DUSE_THREAD'
THREAD_LIB='-lpthread'
USE_NINT=''
USE_PHP_REGEX='-DUSE_PHP_REGEX'
USE_POINT_Z_M=''
WCS_SVR_ENABLED='-DUSE_WCS_SVR'
WFS_LYR_ENABLED='-DUSE_WFS_LYR'
WFS_SVR_ENABLED='-DUSE_WFS_SVR'
WMS_LYR_ENABLED='-DUSE_WMS_LYR'
WMS_SVR_ENABLED='-DUSE_WMS_SVR'
XML2_INC='-I/usr/include/libxml2'
XML2_LIB='-L/usr/lib -lxml2'
XSLT_ENABLED=''
XSLT_INC=''
XSLT_LIB=''
XTRALIBS=' -lm -ldl -lstdc++'
YACC='yacc'
YFLAGS=''
_ACJNI_JAVAC='no'
ac_ct_AR='ar'
ac_ct_CC='gcc'
ac_ct_CXX='g++'
ac_ct_DUMPBIN=''
bindir='${exec_prefix}/bin'
build='x86_64-unknown-linux-gnu'
build_alias=''
build_cpu='x86_64'
build_os='linux-gnu'
build_vendor='unknown'
datadir='${datarootdir}'
datarootdir='${prefix}/share'
docdir='${datarootdir}/doc/${PACKAGE}'
dvidir='${docdir}'
exec_prefix='${prefix}'
host='x86_64-unknown-linux-gnu'
host_alias=''
host_cpu='x86_64'
host_os='linux-gnu'
host_vendor='unknown'
htmldir='${docdir}'
includedir='${prefix}/include'
infodir='${datarootdir}/info'
libdir='${exec_prefix}/lib'
libexecdir='${exec_prefix}/libexec'
localedir='${datarootdir}/locale'
localstatedir='${prefix}/var'
mandir='${datarootdir}/man'
oldincludedir='/usr/include'
pdfdir='${docdir}'
prefix='/usr/local'
program_transform_name='s,x,x,'
psdir='${docdir}'
sbindir='${exec_prefix}/sbin'
sharedstatedir='${prefix}/com'
sysconfdir='${prefix}/etc'
target_alias=''

## ----------- ##
## confdefs.h. ##
## ----------- ##

/* confdefs.h */
#define PACKAGE_NAME ""
#define PACKAGE_TARNAME ""
#define PACKAGE_VERSION ""
#define PACKAGE_STRING ""
#define PACKAGE_BUGREPORT ""
#define PACKAGE_URL ""
#define STDC_HEADERS 1
#define HAVE_SYS_TYPES_H 1
#define HAVE_SYS_STAT_H 1
#define HAVE_STDLIB_H 1
#define HAVE_STRING_H 1
#define HAVE_MEMORY_H 1
#define HAVE_STRINGS_H 1
#define HAVE_INTTYPES_H 1
#define HAVE_STDINT_H 1
#define HAVE_UNISTD_H 1
#define HAVE_DLFCN_H 1
#define LT_OBJDIR ".libs/"
#define STDC_HEADERS 1
#define HAVE_FT2BUILD_H 1
#define HAVE_SYNC_FETCH_AND_ADD 1

configure: exit 0
